2013/04/16 23:18:42 [error] [exception.CHttpException.400] exception 'CHttpException' with message 'Your request is invalid.' in D:\xampp\htdocs\yii\framework\web\CController.php:336
Stack trace:
#0 D:\xampp\htdocs\yii\framework\web\CController.php(309): CController->invalidActionParams(Object(CInlineAction))
#1 D:\xampp\htdocs\yii\framework\web\filters\CFilterChain.php(133): CController->runAction(Object(CInlineAction))
#2 D:\xampp\htdocs\yii\framework\web\filters\CFilter.php(40): CFilterChain->run()
#3 D:\xampp\htdocs\yii\framework\web\CController.php(1145): CFilter->filter(Object(CFilterChain))
#4 D:\xampp\htdocs\yii\framework\web\filters\CInlineFilter.php(58): CController->filterAccessControl(Object(CFilterChain))
#5 D:\xampp\htdocs\yii\framework\web\filters\CFilterChain.php(130): CInlineFilter->filter(Object(CFilterChain))
#6 D:\xampp\htdocs\yii\framework\web\CController.php(291): CFilterChain->run()
#7 D:\xampp\htdocs\yii\framework\web\CController.php(265): CController->runActionWithFilters(Object(CInlineAction), Array)
#8 D:\xampp\htdocs\yii\framework\web\CWebApplication.php(282): CController->run('view')
#9 D:\xampp\htdocs\yii\framework\web\CWebApplication.php(141): CWebApplication->runController('anketa/view')
#10 D:\xampp\htdocs\yii\framework\base\CApplication.php(169): CWebApplication->processRequest()
#11 D:\xampp\htdocs\dman\index.php(13): CApplication->run()
#12 {main}
REQUEST_URI=/dman/index.php?r=anketa/view
---
2013/04/16 23:19:37 [error] [exception.CHttpException.400] exception 'CHttpException' with message 'Your request is invalid.' in D:\xampp\htdocs\yii\framework\web\CController.php:336
Stack trace:
#0 D:\xampp\htdocs\yii\framework\web\CController.php(309): CController->invalidActionParams(Object(CInlineAction))
#1 D:\xampp\htdocs\yii\framework\web\filters\CFilterChain.php(133): CController->runAction(Object(CInlineAction))
#2 D:\xampp\htdocs\yii\framework\web\filters\CFilter.php(40): CFilterChain->run()
#3 D:\xampp\htdocs\yii\framework\web\CController.php(1145): CFilter->filter(Object(CFilterChain))
#4 D:\xampp\htdocs\yii\framework\web\filters\CInlineFilter.php(58): CController->filterAccessControl(Object(CFilterChain))
#5 D:\xampp\htdocs\yii\framework\web\filters\CFilterChain.php(130): CInlineFilter->filter(Object(CFilterChain))
#6 D:\xampp\htdocs\yii\framework\web\CController.php(291): CFilterChain->run()
#7 D:\xampp\htdocs\yii\framework\web\CController.php(265): CController->runActionWithFilters(Object(CInlineAction), Array)
#8 D:\xampp\htdocs\yii\framework\web\CWebApplication.php(282): CController->run('view')
#9 D:\xampp\htdocs\yii\framework\web\CWebApplication.php(141): CWebApplication->runController('anketa/view')
#10 D:\xampp\htdocs\yii\framework\base\CApplication.php(169): CWebApplication->processRequest()
#11 D:\xampp\htdocs\dman\index.php(13): CApplication->run()
#12 {main}
REQUEST_URI=/dman/index.php?r=anketa/view
---
2013/04/16 23:20:58 [error] [exception.CHttpException.400] exception 'CHttpException' with message 'Your request is invalid.' in D:\xampp\htdocs\yii\framework\web\CController.php:336
Stack trace:
#0 D:\xampp\htdocs\yii\framework\web\CController.php(309): CController->invalidActionParams(Object(CInlineAction))
#1 D:\xampp\htdocs\yii\framework\web\filters\CFilterChain.php(133): CController->runAction(Object(CInlineAction))
#2 D:\xampp\htdocs\yii\framework\web\filters\CFilter.php(40): CFilterChain->run()
#3 D:\xampp\htdocs\yii\framework\web\CController.php(1145): CFilter->filter(Object(CFilterChain))
#4 D:\xampp\htdocs\yii\framework\web\filters\CInlineFilter.php(58): CController->filterAccessControl(Object(CFilterChain))
#5 D:\xampp\htdocs\yii\framework\web\filters\CFilterChain.php(130): CInlineFilter->filter(Object(CFilterChain))
#6 D:\xampp\htdocs\yii\framework\web\CController.php(291): CFilterChain->run()
#7 D:\xampp\htdocs\yii\framework\web\CController.php(265): CController->runActionWithFilters(Object(CInlineAction), Array)
#8 D:\xampp\htdocs\yii\framework\web\CWebApplication.php(282): CController->run('view')
#9 D:\xampp\htdocs\yii\framework\web\CWebApplication.php(141): CWebApplication->runController('anketa/view')
#10 D:\xampp\htdocs\yii\framework\base\CApplication.php(169): CWebApplication->processRequest()
#11 D:\xampp\htdocs\dman\index.php(13): CApplication->run()
#12 {main}
REQUEST_URI=/dman/index.php?r=anketa/view
---
2013/04/16 23:22:29 [error] [exception.CHttpException.400] exception 'CHttpException' with message 'Your request is invalid.' in D:\xampp\htdocs\yii\framework\web\CController.php:336
Stack trace:
#0 D:\xampp\htdocs\yii\framework\web\CController.php(309): CController->invalidActionParams(Object(CInlineAction))
#1 D:\xampp\htdocs\yii\framework\web\filters\CFilterChain.php(133): CController->runAction(Object(CInlineAction))
#2 D:\xampp\htdocs\yii\framework\web\filters\CFilter.php(40): CFilterChain->run()
#3 D:\xampp\htdocs\yii\framework\web\CController.php(1145): CFilter->filter(Object(CFilterChain))
#4 D:\xampp\htdocs\yii\framework\web\filters\CInlineFilter.php(58): CController->filterAccessControl(Object(CFilterChain))
#5 D:\xampp\htdocs\yii\framework\web\filters\CFilterChain.php(130): CInlineFilter->filter(Object(CFilterChain))
#6 D:\xampp\htdocs\yii\framework\web\CController.php(291): CFilterChain->run()
#7 D:\xampp\htdocs\yii\framework\web\CController.php(265): CController->runActionWithFilters(Object(CInlineAction), Array)
#8 D:\xampp\htdocs\yii\framework\web\CWebApplication.php(282): CController->run('View')
#9 D:\xampp\htdocs\yii\framework\web\CWebApplication.php(141): CWebApplication->runController('anketa/View')
#10 D:\xampp\htdocs\yii\framework\base\CApplication.php(169): CWebApplication->processRequest()
#11 D:\xampp\htdocs\dman\index.php(13): CApplication->run()
#12 {main}
REQUEST_URI=/dman/index.php?r=anketa/View
---
2013/04/16 23:23:12 [error] [exception.CHttpException.400] exception 'CHttpException' with message 'Your request is invalid.' in D:\xampp\htdocs\yii\framework\web\CController.php:336
Stack trace:
#0 D:\xampp\htdocs\yii\framework\web\CController.php(309): CController->invalidActionParams(Object(CInlineAction))
#1 D:\xampp\htdocs\yii\framework\web\filters\CFilterChain.php(133): CController->runAction(Object(CInlineAction))
#2 D:\xampp\htdocs\yii\framework\web\filters\CFilter.php(40): CFilterChain->run()
#3 D:\xampp\htdocs\yii\framework\web\CController.php(1145): CFilter->filter(Object(CFilterChain))
#4 D:\xampp\htdocs\yii\framework\web\filters\CInlineFilter.php(58): CController->filterAccessControl(Object(CFilterChain))
#5 D:\xampp\htdocs\yii\framework\web\filters\CFilterChain.php(130): CInlineFilter->filter(Object(CFilterChain))
#6 D:\xampp\htdocs\yii\framework\web\CController.php(291): CFilterChain->run()
#7 D:\xampp\htdocs\yii\framework\web\CController.php(265): CController->runActionWithFilters(Object(CInlineAction), Array)
#8 D:\xampp\htdocs\yii\framework\web\CWebApplication.php(282): CController->run('view')
#9 D:\xampp\htdocs\yii\framework\web\CWebApplication.php(141): CWebApplication->runController('Anketa/view')
#10 D:\xampp\htdocs\yii\framework\base\CApplication.php(169): CWebApplication->processRequest()
#11 D:\xampp\htdocs\dman\index.php(13): CApplication->run()
#12 {main}
REQUEST_URI=/dman/index.php?r=Anketa/view
---
2013/04/16 23:34:14 [error] [exception.CHttpException.403] exception 'CHttpException' with message 'You are not authorized to perform this action.' in D:\xampp\htdocs\yii\framework\web\auth\CAccessControlFilter.php:179
Stack trace:
#0 D:\xampp\htdocs\yii\framework\web\auth\CAccessControlFilter.php(142): CAccessControlFilter->accessDenied(Object(CWebUser), 'You are not aut...')
#1 D:\xampp\htdocs\yii\framework\web\filters\CFilter.php(38): CAccessControlFilter->preFilter(Object(CFilterChain))
#2 D:\xampp\htdocs\yii\framework\web\CController.php(1145): CFilter->filter(Object(CFilterChain))
#3 D:\xampp\htdocs\yii\framework\web\filters\CInlineFilter.php(58): CController->filterAccessControl(Object(CFilterChain))
#4 D:\xampp\htdocs\yii\framework\web\filters\CFilterChain.php(130): CInlineFilter->filter(Object(CFilterChain))
#5 D:\xampp\htdocs\yii\framework\web\CController.php(291): CFilterChain->run()
#6 D:\xampp\htdocs\yii\framework\web\CController.php(265): CController->runActionWithFilters(Object(CInlineAction), Array)
#7 D:\xampp\htdocs\yii\framework\web\CWebApplication.php(282): CController->run('admin')
#8 D:\xampp\htdocs\yii\framework\web\CWebApplication.php(141): CWebApplication->runController('korisnici/admin')
#9 D:\xampp\htdocs\yii\framework\base\CApplication.php(169): CWebApplication->processRequest()
#10 D:\xampp\htdocs\dman\index.php(13): CApplication->run()
#11 {main}
REQUEST_URI=/dman/index.php?r=korisnici/admin
HTTP_REFERER=http://localhost/dman/index.php?r=korisnici/view&id=1
---
